wStarting run at: Mon 11 Nov 2024 09:00:15 PM EST
/home/sinpo/repos/XNO/HNO/ERT_Problem/./ERT_hilbert.py:544: FutureWarning: You are using `torch.load` with `weights_only=False` (the current default value), which uses the default pickle module implicitly. It is possible to construct malicious pickle data which will execute arbitrary code during unpickling (See https://github.com/pytorch/pytorch/blob/main/SECURITY.md#untrusted-models for more details). In a future release, the default value for `weights_only` will be flipped to `True`. This limits the functions that could be executed during unpickling. Arbitrary objects will no longer be allowed to be loaded via this mode unless they are explicitly allowlisted by the user via `torch.serialization.add_safe_globals`. We recommend you start setting `weights_only=True` for any use case where you don't have full control of the loaded file. Please open an issue on GitHub for any issues related to this experimental feature.
  model.load_state_dict(torch.load('best_modelV1.pth'))
torch.Size([80000, 40, 100])
torch.Size([80000, 40, 100])
torch.Size([100, 40, 100])
torch.Size([100, 40, 100])
torch.Size([100, 40, 100])
torch.Size([100, 40, 100])
40
100
Devide is: cuda
999937
0 37.69976206123829 0.2376537229180336 0.11456963062286377
1 36.97883923444897 0.13627960755228996 0.10236090660095215
2 37.39620449580252 0.11235673736929894 0.09257812976837158
3 37.13413641601801 0.10768237600624561 0.11957567691802978
4 36.325511707924306 0.09985546011328697 0.13079584121704102
5 36.37730322126299 0.09350944756567478 0.06926805019378662
6 37.513433657586575 0.09380126962661743 0.05624193906784058
7 37.51772259455174 0.08849810073077678 0.06431480407714844
8 37.35335916746408 0.08586915881335735 0.05134187936782837
9 37.23959473520517 0.08759580222070217 0.0618422794342041
10 37.533386116847396 0.08323545272946357 0.06711573123931885
11 38.43699606694281 0.08227943863272667 0.06962628126144409
12 37.840477206744254 0.08004952846169472 0.07052975177764892
13 37.8575850892812 0.08002099774181842 0.05531358003616333
14 38.05828224867582 0.0778920401096344 0.05549281358718872
15 38.3442283347249 0.07392876055538654 0.06157526731491089
16 37.980556949973106 0.07633735964000225 0.04901559114456177
17 38.00891807861626 0.07319728153049945 0.05396667718887329
18 36.491749805398285 0.0724925075083971 0.05374519348144531
19 37.3065614933148 0.07132074210941791 0.05637070417404175
20 36.870451842434704 0.06981025124192237 0.0519654393196106
21 37.09768235497177 0.07231175710558892 0.04869865894317627
22 37.97982001584023 0.06623574009537697 0.04755914688110351
23 37.98520012386143 0.06608316259682179 0.046676435470581056
24 36.9013731488958 0.06694423168897629 0.056083879470825194
25 36.790217984467745 0.06475507423579693 0.05811938524246216
26 37.39739503245801 0.06431543706059456 0.046446144580841064
27 36.79796855337918 0.062417154040932656 0.06029081344604492
28 36.99478566367179 0.06255791152715683 0.04126822829246521
29 37.088372461497784 0.06268165811896324 0.05590276718139649
30 36.943150885403156 0.06148145123422146 0.0498428750038147
31 37.548089284449816 0.05945594066679478 0.04299989461898804
32 37.4289980744943 0.05882724139392376 0.04543091773986816
33 37.225481575354934 0.05714373027384281 0.04221519231796265
34 36.88962491881102 0.059205205115675924 0.0512760853767395
35 36.07053801417351 0.056896806737780574 0.0374385929107666
36 36.90018794964999 0.0559981766924262 0.04783512592315674
37 36.427283263765275 0.05546116857975721 0.040342558622360226
38 36.06046940013766 0.05536903258860111 0.044363584518432614
39 36.733655728399754 0.05557652492821217 0.044519271850585934
40 37.087952859699726 0.05407669409811497 0.03643518924713135
41 37.142405392602086 0.05199060249477625 0.039560790061950686
42 37.80862915609032 0.051715911848843096 0.0476778244972229
43 37.851787448860705 0.051475493648648264 0.0345359206199646
44 36.66808532550931 0.051324400441348554 0.045941762924194336
45 37.52444327250123 0.04946822140961885 0.03629904270172119
46 37.02774756588042 0.050131478336453435 0.033076765537261965
47 37.39251573663205 0.050214769721031186 0.03296455264091492
48 36.756620997563004 0.04761740678101778 0.031466115713119504
49 37.22729640081525 0.04789569780677557 0.03685743927955627
50 37.7836251379922 0.04634137048274278 0.03209490418434143
51 37.37655333522707 0.04634379823356867 0.03430607676506042
52 37.68078223057091 0.0451384262830019 0.03413883924484253
53 37.45175302494317 0.0450997002735734 0.04110482692718506
54 37.95502384286374 0.044009815482795235 0.03692300915718079
55 36.99202609900385 0.04386331142932177 0.035559513568878175
56 36.19147314038128 0.04265995793640614 0.030951859951019286
57 36.287418792024255 0.04223575479835272 0.033624181747436525
58 36.45278112497181 0.04170234525054693 0.03634089112281799
59 36.60023168940097 0.04113295461833477 0.03127171397209168
60 37.34934667032212 0.040388665707409385 0.03452396154403686
61 36.691331706009805 0.04037123911976814 0.027748647928237915
62 36.87788570206612 0.03966646380722523 0.030007308721542357
63 36.3064827285707 0.03869546281844378 0.029796485900878907
64 37.55787238292396 0.03797530822753906 0.029108709096908568
65 37.10674141161144 0.03743379956930876 0.02864727854728699
66 37.59480057284236 0.03688066481053829 0.027631181478500366
67 37.39306181482971 0.036425099581480026 0.027191904783248903
68 37.19943034183234 0.03556290491074324 0.0267323899269104
69 37.04210671875626 0.03489393496066332 0.026655994653701783
70 36.98848486598581 0.034700513803958895 0.026220518350601196
71 36.50192883890122 0.03393035260438919 0.024499013423919677
72 36.9241605931893 0.03342450507879257 0.026785637140274047
73 37.262434193864465 0.03293596501350403 0.026215531826019288
74 37.16530869156122 0.03242206893414259 0.030574904680252077
75 37.73353201523423 0.0317931861564517 0.025527658462524413
76 36.81935077812523 0.031231049679219722 0.02351365804672241
77 36.85899283271283 0.030611672243475913 0.02263184905052185
78 36.77674627304077 0.03012086606323719 0.024748892784118653
79 37.04192750155926 0.029813292548060418 0.02237017035484314
80 36.85119623597711 0.02912388759702444 0.02370581865310669
81 37.51690590009093 0.028668704499304296 0.021840181350708008
82 36.87381094135344 0.02815810854434967 0.022874011993408203
83 36.921989728696644 0.02760742581039667 0.021242220401763916
84 36.95656744763255 0.027244239542633296 0.020185364484786986
85 37.15401478018612 0.026818444290012122 0.01990800619125366
86 37.016128241084516 0.026411288920789956 0.021238988637924193
87 37.69088215287775 0.026031396093219517 0.022314717769622804
88 37.983376326970756 0.025716511026769875 0.020735793113708496
89 37.04869794566184 0.02536277467533946 0.021017447710037232
90 37.686457871459424 0.025035180955380203 0.020359222292900086
91 37.94463982619345 0.02472646177187562 0.02010022699832916
92 38.121900082565844 0.024472157760709524 0.019889748096466063
93 38.10695235338062 0.024249409360438585 0.019726474285125733
94 38.13400677964091 0.02404558044075966 0.019622678756713866
95 37.81548893265426 0.02389201465845108 0.019976017475128175
96 37.916361968033016 0.023758430420607327 0.019724687337875368
97 37.83036362566054 0.023656373140215875 0.01974062204360962
98 36.87807674333453 0.023589072308689354 0.019661280512809753
99 36.657360937446356 0.023554132035374643 0.019588658809661864
Time taken for predictions on new_test.mat: 0.032484191469848156 seconds
Job finished with exit code 0 at: Mon 11 Nov 2024 10:02:56 PM EST
