Starting run at: Mon 11 Nov 2024 09:09:12 PM EST
/home/sinpo/repos/XNO/HNO/ERT_Problem/./ERT_fourier.py:477: FutureWarning: You are using `torch.load` with `weights_only=False` (the current default value), which uses the default pickle module implicitly. It is possible to construct malicious pickle data which will execute arbitrary code during unpickling (See https://github.com/pytorch/pytorch/blob/main/SECURITY.md#untrusted-models for more details). In a future release, the default value for `weights_only` will be flipped to `True`. This limits the functions that could be executed during unpickling. Arbitrary objects will no longer be allowed to be loaded via this mode unless they are explicitly allowlisted by the user via `torch.serialization.add_safe_globals`. We recommend you start setting `weights_only=True` for any use case where you don't have full control of the loaded file. Please open an issue on GitHub for any issues related to this experimental feature.
  model.load_state_dict(torch.load('best_modelV1.pth'))
torch.Size([80000, 40, 100])
torch.Size([80000, 40, 100])
torch.Size([100, 40, 100])
torch.Size([100, 40, 100])
torch.Size([100, 40, 100])
torch.Size([100, 40, 100])
40
100
999937
0 22.608713004738092 0.22879954142570497 0.12750441074371338
1 22.145969815552235 0.13070512067377568 0.07025179147720337
2 22.384488415904343 0.11448118291497231 0.19348894119262694
3 22.35524072032422 0.10573864557743072 0.08420297145843506
4 22.361880427226424 0.09765926651954651 0.06321583271026611
5 22.364000181667507 0.08991378371715546 0.06930449724197388
6 21.864367097616196 0.09027916452586651 0.08350564241409301
7 21.486692244186997 0.08764969016611576 0.0444515323638916
8 22.322906675748527 0.0831748331040144 0.050304701328277586
9 22.350119847804308 0.0849637783139944 0.09485295295715332
10 21.597042255103588 0.07464094776511192 0.045758056640625
11 22.228947250172496 0.08034568921625614 0.03915747404098511
12 22.372574360109866 0.08490690620839596 0.03909269213676453
13 21.907330386340618 0.07342484593987465 0.03675465941429138
14 21.980758817866445 0.07280161727666855 0.06990431785583497
15 22.338853965513408 0.06517663460075855 0.04363490104675293
16 22.36363218538463 0.07317610055804252 0.07004712581634522
17 22.25380335189402 0.0622117246940732 0.04730582237243652
18 22.349414236843586 0.07068035855293274 0.049474408626556395
19 22.407674686051905 0.0642615626424551 0.04772304534912109
20 22.29641696345061 0.0657098074272275 0.047037606239318845
21 22.45411880966276 0.06481269408613444 0.0442720890045166
22 22.431130587123334 0.06269768241345883 0.042652451992034913
23 22.358597259037197 0.06349630552083253 0.03938609957695007
24 22.395349483005702 0.057765058913826946 0.043785600662231444
25 22.476999236270785 0.06673120643347502 0.037759218215942386
26 22.470397940836847 0.05776973891854286 0.04318613052368164
27 22.410758938640356 0.06292453524172306 0.04853467226028443
28 22.478667732328176 0.05450018538236618 0.04003130793571472
29 22.496950543485582 0.05661348744630813 0.046512131690979
30 22.46370642632246 0.055932819443941115 0.029476358890533447
31 22.476634368300438 0.058847623465955255 0.047115275859832766
32 22.456337690353394 0.05342149392366409 0.03982424020767212
33 22.432724541053176 0.050860734662413594 0.040864596366882326
34 22.48888515494764 0.05620150763392449 0.08455823421478272
35 22.45133284665644 0.050537828157842156 0.04998523235321045
36 22.441496416926384 0.051322257666289804 0.036137360334396365
37 22.143859348259866 0.05148026558756828 0.03137818694114685
38 22.295222017914057 0.048922663855552675 0.030737160444259642
39 22.461739628575742 0.048217800809443 0.035110867023468016
40 22.49081394635141 0.04889557538926601 0.032282043695449826
41 22.443967218510807 0.049011508692801 0.031642584800720214
42 22.498748351819813 0.04530490427017212 0.03554685711860657
43 22.469102509319782 0.04795577313154936 0.035928815603256226
44 22.480700159445405 0.04362762318849563 0.03873794674873352
45 22.50399224087596 0.045554765889048575 0.03187971591949463
46 22.48498619068414 0.04441716068983078 0.029356567859649657
47 22.366681499406695 0.04356402969360352 0.03138162136077881
48 22.39471268467605 0.04407376783490181 0.03225541353225708
49 22.36963206809014 0.040804685859382156 0.028577128648757933
50 22.30991362873465 0.04221760739684105 0.027329527139663697
51 22.214555675163865 0.04152513753771782 0.03145901083946228
52 22.448389852419496 0.038920723086595534 0.03169535636901855
53 22.54641912970692 0.042218352599442004 0.03775498509407044
54 22.384563544765115 0.03773115734905005 0.025198031663894654
55 22.288302377797663 0.03917951357066631 0.024217288494110107
56 22.34019909799099 0.036979580591619016 0.02655336618423462
57 22.28990683797747 0.0382279652133584 0.02855383276939392
58 22.355425962246954 0.03637083555459976 0.02724552631378174
59 22.35525338165462 0.035875908859074115 0.02737888813018799
60 22.289691723883152 0.035696469661593434 0.030072096586227417
61 22.37233284395188 0.0359800458163023 0.025383121967315674
62 22.326434354297817 0.0340686580017209 0.030524603128433227
63 22.419469529762864 0.037551002772152425 0.02548309087753296
64 22.350838656537235 0.03278732127845287 0.022724322080612182
65 21.886242270469666 0.032194883148372176 0.023529380559921265
66 21.49172563944012 0.03272858343571425 0.024231257438659667
67 22.173341839574277 0.03135253534018993 0.022416818141937255
68 22.345148203894496 0.030999768878519535 0.02281268358230591
69 22.310304002836347 0.030454469682276247 0.021158609986305237
70 22.347048208117485 0.029779875826835632 0.022617963552474977
71 22.375749956816435 0.029494498109817503 0.02269454836845398
72 22.38909396249801 0.02872895305007696 0.025338860750198363
73 22.373631812632084 0.028315638517588376 0.021553800106048585
74 22.343463885597885 0.02776729742065072 0.02286242663860321
75 22.04505244642496 0.027372759221494198 0.022211068272590638
76 21.513557804748416 0.02676254191622138 0.02014650821685791
77 22.175708949565887 0.026330543982237577 0.020770529508590697
78 22.298900223337114 0.025830647274106742 0.01979125738143921
79 22.324249087832868 0.02540282197445631 0.01971121668815613
80 22.392153833061457 0.025034479120373727 0.01901394724845886
81 22.28249580319971 0.024425857178866864 0.018776352405548095
82 22.362672448158264 0.02411278869062662 0.021073189973831178
83 22.29889878164977 0.02367033924460411 0.018366509079933167
84 22.26977405883372 0.023279854445904493 0.018815493583679198
85 22.433543372899294 0.02287223315909505 0.018608452677726747
86 22.386710917577147 0.02250894001722336 0.01853150725364685
87 22.333750689402223 0.02217885034531355 0.018436194062232972
88 22.326677517034113 0.02182455712482333 0.019323213100433348
89 22.376006389036775 0.02153951280117035 0.01846944272518158
90 22.332657024264336 0.021281293331086637 0.018152058124542236
91 22.27955577801913 0.021002058643102645 0.01902420699596405
92 22.187873526476324 0.02077575194090605 0.018127280473709106
93 22.441571034491062 0.020577098751068116 0.017593549489974977
94 22.298165037296712 0.020403598941117526 0.01757424056529999
95 22.340605813078582 0.02025040700659156 0.018296326398849486
96 21.5872954512015 0.0201389255695045 0.01812999725341797
97 21.898383653722703 0.020044772531092166 0.017817637920379638
98 22.243349549360573 0.019983009023219346 0.01772629499435425
99 22.508927047252655 0.01995032703354955 0.01762450337409973
Time taken for predictions on new_test.mat: 0.014865647070109844 seconds
Job finished with exit code 0 at: Mon 11 Nov 2024 09:46:54 PM EST
