Starting run at: Thu 14 Nov 2024 01:11:31 PM EST
/home/sinpo/repos/XNO/HNO/ERT_Problem/./ERT_hilbert.py:567: FutureWarning: You are using `torch.load` with `weights_only=False` (the current default value), which uses the default pickle module implicitly. It is possible to construct malicious pickle data which will execute arbitrary code during unpickling (See https://github.com/pytorch/pytorch/blob/main/SECURITY.md#untrusted-models for more details). In a future release, the default value for `weights_only` will be flipped to `True`. This limits the functions that could be executed during unpickling. Arbitrary objects will no longer be allowed to be loaded via this mode unless they are explicitly allowlisted by the user via `torch.serialization.add_safe_globals`. We recommend you start setting `weights_only=True` for any use case where you don't have full control of the loaded file. Please open an issue on GitHub for any issues related to this experimental feature.
  model.load_state_dict(torch.load('best_modelV1.pth'))
torch.Size([80000, 40, 100])
torch.Size([80000, 40, 100])
torch.Size([100, 40, 100])
torch.Size([100, 40, 100])
torch.Size([100, 40, 100])
torch.Size([100, 40, 100])
40
100
Devide is: cuda
999937
0 29.818656919058412 0.2082097528219223 0.126005220413208
1 28.05743030225858 0.11185755625069141 0.08852211952209472
2 27.93616068130359 0.09491168637871743 0.1364213752746582
3 27.75711592566222 0.08448645966947078 0.1589436149597168
4 27.9420401500538 0.08290622901916504 0.06441596508026123
5 27.879509889055043 0.07624257119894028 0.10404733657836913
6 27.835482667200267 0.07316340818405151 0.07077225923538208
7 27.94177016010508 0.07021622976064681 0.10151731967926025
8 27.97376856394112 0.07060380528271198 0.057242982387542725
9 27.896497869864106 0.06655454913973809 0.05902583599090576
10 27.8759073340334 0.06901481025218964 0.06717511653900146
11 28.09098329814151 0.0624133066803217 0.05558552980422973
12 27.874947702977806 0.06248458942621946 0.07393451690673829
13 27.82986701466143 0.06369049076586962 0.09670352458953857
14 27.90659093717113 0.05912261401712894 0.10659881114959717
15 27.921151019632816 0.060163974764943125 0.06402505874633789
16 27.831130407750607 0.05882741133868694 0.0598560905456543
17 28.094762175809592 0.05651906375437975 0.09853906154632569
18 27.980385313741863 0.05519001822918654 0.05868710041046143
19 28.08030239213258 0.05415575368851423 0.06581058979034424
20 28.093256785999984 0.05758251964300871 0.0530832052230835
21 28.02306886203587 0.05143556157946587 0.045319771766662596
22 28.01909320289269 0.05581798798888922 0.06073879241943359
23 27.911612208001316 0.05298163849264383 0.06177011728286743
24 28.088834666181356 0.053764489279687404 0.0528960919380188
25 27.899391959886998 0.04913331118673086 0.053369643688201907
26 28.053602139931172 0.05281765175759792 0.04609339952468872
27 27.983039288315922 0.049118037605285644 0.04774220705032348
28 27.910800657235086 0.04754968534260988 0.05193891048431396
29 27.814483989961445 0.0516093131005764 0.04709059715270996
30 27.768429073970765 0.051385971833765504 0.05762156009674072
31 27.8966378942132 0.04527041406780481 0.04307794332504272
32 27.878961684182286 0.0470779107183218 0.04690528154373169
33 27.916229646652937 0.04633112393915653 0.05517713785171509
34 27.97683077910915 0.047194327500462534 0.044210731983184814
35 27.918517262209207 0.04333358145952225 0.2135302257537842
36 27.904832259286195 0.048845271043479445 0.04103373885154724
37 27.839413571171463 0.04339039555341005 0.039510724544525144
38 27.91831622319296 0.04328910057991743 0.04117189884185791
39 27.784553276840597 0.042800063790380954 0.04136638402938843
40 27.853973352815956 0.043408177022635934 0.04470412254333496
41 27.980295403394848 0.04230503318011761 0.04277796626091004
42 27.911891353782266 0.0417878558576107 0.05437461137771606
43 27.724884592927992 0.04307676019072532 0.04305635809898376
44 27.96032835263759 0.04002316232919693 0.037715752124786374
45 27.92729583894834 0.038611491782963275 0.03697048902511597
46 28.004187245853245 0.03940784081220627 0.04358117938041687
47 27.858928478788584 0.03939948377758264 0.04610849857330322
48 27.877497743349522 0.03768535226881504 0.038352856636047365
49 27.831829836126417 0.038794233451783657 0.035539793968200686
50 28.017041561193764 0.035635926312208174 0.03643866777420044
51 27.927946757059544 0.036789683717489245 0.03684680700302124
52 28.045463850721717 0.0361643316090107 0.03616685390472412
53 27.833117997273803 0.03538814157098532 0.037675859928131106
54 27.83837896026671 0.034025322103500365 0.03459184050559998
55 27.96187469922006 0.03484843687415123 0.03843247890472412
56 27.962646956089884 0.03310777645856142 0.03473996639251709
57 27.944803982041776 0.033437071835994724 0.037192707061767576
58 27.973640671931207 0.032000855773687366 0.035481719970703124
59 28.062080541159958 0.033163572220504284 0.03277308821678162
60 27.984609649982303 0.030818780890107155 0.03549075126647949
61 28.064662641845644 0.03075901801288128 0.03242954015731812
62 28.00609027594328 0.030616804771125317 0.03138823986053467
63 27.936376717872918 0.029812399636209012 0.03274828910827637
64 27.777768495026976 0.029404666167497633 0.03410956621170044
65 27.864907694980502 0.028970187754929065 0.030713499784469606
66 27.924713328946382 0.028591119007766248 0.03105621933937073
67 27.862319692969322 0.028063621804118158 0.03092499852180481
68 28.04209659434855 0.02778704740256071 0.031429810523986815
69 27.777512902393937 0.02729446087628603 0.03106221675872803
70 28.211551084648818 0.026900233291089534 0.02859850287437439
71 27.863178282044828 0.026318834990262985 0.030661286115646363
72 27.919030117802322 0.02614719985574484 0.030701121091842653
73 28.086567512713373 0.025575606802105903 0.029317904710769654
74 27.975034703034908 0.025159397907555104 0.026520029306411744
75 28.202575775794685 0.024762509301304816 0.026824225187301636
76 27.925673630088568 0.024229405066370963 0.027205041646957397
77 27.969300708267838 0.02383327398598194 0.02607481598854065
78 27.91403930587694 0.02352295460626483 0.026243062019348146
79 27.92768058506772 0.023011638761311768 0.025257375240325928
80 27.998489502817392 0.022811490336060523 0.02616763234138489
81 28.05196367483586 0.02236657462194562 0.024909411668777467
82 27.945418821647763 0.022021570163965224 0.02372715950012207
83 27.95464113773778 0.02175874865949154 0.023755571842193603
84 28.095720146782696 0.02146297133639455 0.024038842916488647
85 28.03792735002935 0.021106424234062435 0.02360326290130615
86 28.06151528097689 0.020867621978372334 0.023406940102577208
87 28.076973587740213 0.020567324913293123 0.02351143479347229
88 28.152945583686233 0.020323263044655322 0.022476505637168884
89 28.124948698095977 0.02003859068080783 0.0228834331035614
90 28.07872029207647 0.01985368402004242 0.021834704875946045
91 28.059675078839064 0.019654165459424257 0.02183219909667969
92 28.095709786750376 0.019477133250236513 0.021964264512062074
93 28.100674853194505 0.019315402526408433 0.021671907901763918
94 27.909174600150436 0.019182221706211568 0.02187678575515747
95 27.95285339606926 0.019063612549751998 0.021877679228782653
96 28.17028934787959 0.018969505739212036 0.021501827836036682
97 28.063503661658615 0.01890015656426549 0.02147475481033325
98 28.047194107901305 0.018853994052112102 0.021447941064834594
99 27.95798127213493 0.01882948978319764 0.021480915546417238
Time taken for predictions on new_test.mat: 0.014287490863353014 seconds
Job finished with exit code 0 at: Thu 14 Nov 2024 01:58:50 PM EST
